2024-10-22 20:16:32 INFO  [main] c.r.g.SignupUserAndTenant:27 - signup request body ::: {"tenant":{"address":{"addressLine1":"5822 Maryalice Locks","addressLine2":"Apt. 656","addressLine3":"Yundt Manors","country":"ES","locality":"Felixfort","postalCode":"77991","region":"PA"},"businessType":0,"id":null,"keyRing":null,"logo":null,"mailbox":null,"moduleIds":[1,2,3,4,5,6,7,8],"name":"api-automation-tenant1729608392105","numEmployees":1,"phone":null,"reportingCurrency":"USD","tenantType":"Business","web":null},"user":{"collaborationToken":null,"color":null,"createdDate":null,"department":null,"email":"praveen+apiaut1729608392187@rtzen.ai","externalId":null,"firstName":"Tony","id":null,"image":null,"lastName":"Jones","locale":"en-GB","manager":null,"middleName":null,"phone":null,"role":null,"rowStatus":0,"tenantId":null,"timezone":"Asia\/Calcutta","title":null,"updatedDate":null,"userType":"REGULAR_USER"}}
2024-10-22 20:16:32 INFO  [main] c.r.c.u.RestUtils:58 - BASEURL -> https://user-service-k8s-internal.dev.rtzen.com
2024-10-22 20:16:32 INFO  [main] c.r.c.u.RestUtils:59 - ENDPOINT -> /users/signup
2024-10-22 20:16:32 INFO  [main] c.r.c.u.RestUtils:86 - Request body : {"tenant":{"name":"api-automation-tenant1729608392105","tenantType":"Business","moduleIds":[1,2,3,4,5,6,7,8],"address":{"addressLine1":"5822 Maryalice Locks","addressLine2":"Apt. 656","addressLine3":"Yundt Manors","locality":"Felixfort","region":"PA","country":"ES","postalCode":"77991"},"reportingCurrency":"USD","numEmployees":1,"businessType":0},"user":{"rowStatus":0,"firstName":"Tony","lastName":"Jones","email":"praveen+apiaut1729608392187@rtzen.ai","timezone":"Asia/Calcutta","locale":"en-GB","userType":"REGULAR_USER"}}
2024-10-22 20:17:24 INFO  [main] c.r.g.SignupUserAndTenant:27 - signup request body ::: {"tenant":{"address":{"addressLine1":"9800 Joshua Parkways","addressLine2":"Suite 039","addressLine3":"Hollis Dale","country":"MS","locality":"South Laquandaport","postalCode":"28020-3652","region":"WY"},"businessType":0,"id":null,"keyRing":null,"logo":null,"mailbox":null,"moduleIds":[1,2,3,4,5,6,7,8],"name":"api-automation-tenant1729608444014","numEmployees":1,"phone":null,"reportingCurrency":"USD","tenantType":"Business","web":null},"user":{"collaborationToken":null,"color":null,"createdDate":null,"department":null,"email":"praveen+apiaut1729608444096@rtzen.ai","externalId":null,"firstName":"Major","id":null,"image":null,"lastName":"Trantow","locale":"en-GB","manager":null,"middleName":null,"phone":null,"role":null,"rowStatus":0,"tenantId":null,"timezone":"Asia\/Calcutta","title":null,"updatedDate":null,"userType":"REGULAR_USER"}}
2024-10-22 20:17:24 INFO  [main] c.r.c.u.RestUtils:58 - BASEURL -> https://user-service-k8s-internal.dev.rtzen.com
2024-10-22 20:17:24 INFO  [main] c.r.c.u.RestUtils:59 - ENDPOINT -> /users/signup
2024-10-22 20:17:24 INFO  [main] c.r.c.u.RestUtils:86 - Request body : {"tenant":{"name":"api-automation-tenant1729608444014","tenantType":"Business","moduleIds":[1,2,3,4,5,6,7,8],"address":{"addressLine1":"9800 Joshua Parkways","addressLine2":"Suite 039","addressLine3":"Hollis Dale","locality":"South Laquandaport","region":"WY","country":"MS","postalCode":"28020-3652"},"reportingCurrency":"USD","numEmployees":1,"businessType":0},"user":{"rowStatus":0,"firstName":"Major","lastName":"Trantow","email":"praveen+apiaut1729608444096@rtzen.ai","timezone":"Asia/Calcutta","locale":"en-GB","userType":"REGULAR_USER"}}
2024-10-22 20:17:27 INFO  [main] c.r.c.u.RestUtils:89 - [POST] : https://user-service-k8s-internal.dev.rtzen.com/users/signup status code : 200
2024-10-22 20:17:27 INFO  [main] c.r.c.u.RestUtils:206 - actual response code is {200} and expected response code is {200}
2024-10-22 20:17:27 INFO  [main] c.r.g.SignupUserAndTenant:34 - Tenant and user signup was successful ::: io.restassured.internal.RestAssuredResponseImpl@68a7f77a
2024-10-22 20:26:25 INFO  [main] c.r.g.SignupUserAndTenant:27 - signup request body ::: {"tenant":{"address":{"addressLine1":"44202 Slyvia Corners","addressLine2":"Apt. 707","addressLine3":"Mraz Corners","country":"BQ","locality":"Kemmerland","postalCode":"54496-8822","region":"NE"},"businessType":0,"id":null,"keyRing":null,"logo":null,"mailbox":null,"moduleIds":[1,2,3,4,5,6,7,8],"name":"api-automation-tenant1729608985513","numEmployees":1,"phone":null,"reportingCurrency":"USD","tenantType":"Business","web":null},"user":{"collaborationToken":null,"color":null,"createdDate":null,"department":null,"email":"praveen+apiaut1729608985595@rtzen.ai","externalId":null,"firstName":"Ryann","id":null,"image":null,"lastName":"Kohler","locale":"en-GB","manager":null,"middleName":null,"phone":null,"role":null,"rowStatus":0,"tenantId":null,"timezone":"Asia\/Calcutta","title":null,"updatedDate":null,"userType":"REGULAR_USER"}}
2024-10-22 20:26:25 INFO  [main] c.r.c.u.RestUtils:58 - BASEURL -> https://user-service-k8s-internal.dev.rtzen.com
2024-10-22 20:26:25 INFO  [main] c.r.c.u.RestUtils:59 - ENDPOINT -> /users/signup
2024-10-22 20:26:25 INFO  [main] c.r.c.u.RestUtils:86 - Request body : {"tenant":{"name":"api-automation-tenant1729608985513","tenantType":"Business","moduleIds":[1,2,3,4,5,6,7,8],"address":{"addressLine1":"44202 Slyvia Corners","addressLine2":"Apt. 707","addressLine3":"Mraz Corners","locality":"Kemmerland","region":"NE","country":"BQ","postalCode":"54496-8822"},"reportingCurrency":"USD","numEmployees":1,"businessType":0},"user":{"rowStatus":0,"firstName":"Ryann","lastName":"Kohler","email":"praveen+apiaut1729608985595@rtzen.ai","timezone":"Asia/Calcutta","locale":"en-GB","userType":"REGULAR_USER"}}
2024-10-22 20:26:34 INFO  [main] c.r.c.u.RestUtils:89 - [POST] : https://user-service-k8s-internal.dev.rtzen.com/users/signup status code : 200
2024-10-22 20:26:34 INFO  [main] c.r.c.u.RestUtils:206 - actual response code is {200} and expected response code is {200}
2024-10-22 20:26:34 INFO  [main] c.r.g.SignupUserAndTenant:34 - Tenant and user signup was successful ::: {"tenant":{"id":"cdf55723-940e-44fa-a274-1a02fe7e02d7","name":"api-automation-tenant1729608985513","tenantType":"Business","moduleIds":[1,2,3,4,5,6,7,8],"address":{"addressLine1":"44202 Slyvia Corners","addressLine2":"Apt. 707","addressLine3":"Mraz Corners","locality":"Kemmerland","region":"NE","country":"BQ","postalCode":"54496-8822"},"reportingCurrency":"USD","numEmployees":1,"businessType":0},"user":{"id":"815936b2-b1f6-4813-90d1-8e9d5fc3b834","tenantId":"cdf55723-940e-44fa-a274-1a02fe7e02d7","rowStatus":0,"firstName":"Ryann","lastName":"Kohler","email":"praveen+apiaut1729608985595@rtzen.ai","timezone":"Asia/Calcutta","locale":"en-GB","userType":"REGULAR_USER"}}
2024-10-22 20:26:34 INFO  [main] c.r.g.SignupUserAndTenant:41 - signup response body ::: {"tenant":{"address":{"addressLine1":"44202 Slyvia Corners","addressLine2":"Apt. 707","addressLine3":"Mraz Corners","country":"BQ","locality":"Kemmerland","postalCode":"54496-8822","region":"NE"},"businessType":0,"id":"cdf55723-940e-44fa-a274-1a02fe7e02d7","keyRing":null,"logo":null,"mailbox":null,"moduleIds":[1,2,3,4,5,6,7,8],"name":"api-automation-tenant1729608985513","numEmployees":1,"phone":null,"reportingCurrency":"USD","tenantType":"Business","web":null},"user":{"collaborationToken":null,"color":null,"createdDate":null,"department":null,"email":"praveen+apiaut1729608985595@rtzen.ai","externalId":null,"firstName":"Ryann","id":"815936b2-b1f6-4813-90d1-8e9d5fc3b834","image":null,"lastName":"Kohler","locale":"en-GB","manager":null,"middleName":null,"phone":null,"role":null,"rowStatus":0,"tenantId":"cdf55723-940e-44fa-a274-1a02fe7e02d7","timezone":"Asia\/Calcutta","title":null,"updatedDate":null,"userType":"REGULAR_USER"}}
2024-10-22 20:26:34 INFO  [main] c.r.g.SignupUserAndTenant:42 - tenant id ::: cdf55723-940e-44fa-a274-1a02fe7e02d7
2024-10-22 20:26:34 INFO  [main] c.r.g.SignupUserAndTenant:43 - user id ::: 815936b2-b1f6-4813-90d1-8e9d5fc3b834
2024-10-22 20:26:34 INFO  [main] c.r.t.ProjectTest:13 - test sample
2024-10-22 20:29:18 INFO  [main] c.r.g.SignupUserAndTenant:27 - signup request body ::: {"tenant":{"address":{"addressLine1":"13047 Miller Flats","addressLine2":"Apt. 969","addressLine3":"Mosciski Walk","country":"KM","locality":"West Michalview","postalCode":"21413","region":"MN"},"businessType":0,"id":null,"keyRing":null,"logo":null,"mailbox":null,"moduleIds":[1,2,3,4,5,6,7,8],"name":"api-automation-tenant1729609158515","numEmployees":1,"phone":null,"reportingCurrency":"USD","tenantType":"Business","web":null},"user":{"collaborationToken":null,"color":null,"createdDate":null,"department":null,"email":"praveen+apiaut1729609158596@rtzen.ai","externalId":null,"firstName":"Franchesca","id":null,"image":null,"lastName":"Runte","locale":"en-GB","manager":null,"middleName":null,"phone":null,"role":null,"rowStatus":0,"tenantId":null,"timezone":"Asia\/Calcutta","title":null,"updatedDate":null,"userType":"REGULAR_USER"}}
2024-10-22 20:29:18 INFO  [main] c.r.c.u.RestUtils:58 - BASEURL -> https://user-service-k8s-internal.dev.rtzen.com
2024-10-22 20:29:18 INFO  [main] c.r.c.u.RestUtils:59 - ENDPOINT -> /users/signup
2024-10-22 20:29:18 INFO  [main] c.r.c.u.RestUtils:86 - Request body : {"tenant":{"name":"api-automation-tenant1729609158515","tenantType":"Business","moduleIds":[1,2,3,4,5,6,7,8],"address":{"addressLine1":"13047 Miller Flats","addressLine2":"Apt. 969","addressLine3":"Mosciski Walk","locality":"West Michalview","region":"MN","country":"KM","postalCode":"21413"},"reportingCurrency":"USD","numEmployees":1,"businessType":0},"user":{"rowStatus":0,"firstName":"Franchesca","lastName":"Runte","email":"praveen+apiaut1729609158596@rtzen.ai","timezone":"Asia/Calcutta","locale":"en-GB","userType":"REGULAR_USER"}}
2024-10-22 20:29:22 INFO  [main] c.r.c.u.RestUtils:89 - [POST] : https://user-service-k8s-internal.dev.rtzen.com/users/signup status code : 200
2024-10-22 20:29:22 INFO  [main] c.r.c.u.RestUtils:206 - actual response code is {200} and expected response code is {200}
2024-10-22 20:29:22 INFO  [main] c.r.g.SignupUserAndTenant:34 - Tenant and user signup was successful ::: {"tenant":{"id":"887a7d74-cfb6-468f-9f82-efcf89eb2dcc","name":"api-automation-tenant1729609158515","tenantType":"Business","moduleIds":[1,2,3,4,5,6,7,8],"address":{"addressLine1":"13047 Miller Flats","addressLine2":"Apt. 969","addressLine3":"Mosciski Walk","locality":"West Michalview","region":"MN","country":"KM","postalCode":"21413"},"reportingCurrency":"USD","numEmployees":1,"businessType":0},"user":{"id":"cc486388-849c-49f2-b49c-11eb6561fb4f","tenantId":"887a7d74-cfb6-468f-9f82-efcf89eb2dcc","rowStatus":0,"firstName":"Franchesca","lastName":"Runte","email":"praveen+apiaut1729609158596@rtzen.ai","timezone":"Asia/Calcutta","locale":"en-GB","userType":"REGULAR_USER"}}
2024-10-22 20:29:22 INFO  [main] c.r.g.SignupUserAndTenant:41 - signup response body ::: {"tenant":{"address":{"addressLine1":"13047 Miller Flats","addressLine2":"Apt. 969","addressLine3":"Mosciski Walk","country":"KM","locality":"West Michalview","postalCode":"21413","region":"MN"},"businessType":0,"id":"887a7d74-cfb6-468f-9f82-efcf89eb2dcc","keyRing":null,"logo":null,"mailbox":null,"moduleIds":[1,2,3,4,5,6,7,8],"name":"api-automation-tenant1729609158515","numEmployees":1,"phone":null,"reportingCurrency":"USD","tenantType":"Business","web":null},"user":{"collaborationToken":null,"color":null,"createdDate":null,"department":null,"email":"praveen+apiaut1729609158596@rtzen.ai","externalId":null,"firstName":"Franchesca","id":"cc486388-849c-49f2-b49c-11eb6561fb4f","image":null,"lastName":"Runte","locale":"en-GB","manager":null,"middleName":null,"phone":null,"role":null,"rowStatus":0,"tenantId":"887a7d74-cfb6-468f-9f82-efcf89eb2dcc","timezone":"Asia\/Calcutta","title":null,"updatedDate":null,"userType":"REGULAR_USER"}}
2024-10-22 20:29:22 INFO  [main] c.r.g.SignupUserAndTenant:42 - tenant id ::: 887a7d74-cfb6-468f-9f82-efcf89eb2dcc
2024-10-22 20:29:22 INFO  [main] c.r.g.SignupUserAndTenant:43 - user id ::: cc486388-849c-49f2-b49c-11eb6561fb4f
2024-10-22 20:29:22 INFO  [main] c.r.t.ProjectTest:14 - Global map ::: {tenantId=887a7d74-cfb6-468f-9f82-efcf89eb2dcc, ENV=dev, userId=cc486388-849c-49f2-b49c-11eb6561fb4f}
2024-10-22 20:29:22 INFO  [main] c.r.t.ProjectTest:15 - test sample
2024-10-22 23:12:38 ERROR [main] d.r.a.c.u.RestUtils:59 - Unable to initiate service --> TEST_SERVICE
java.lang.NullPointerException: Cannot invoke "Object.toString()" because the return value of "dev.restfil.api.common.utils.GlobalMap.get(String)" is null
	at dev.restfil.api.common.utils.ServiceBaseUri.getBaseEndpoint(ServiceBaseUri.java:17)
	at dev.restfil.api.common.utils.RestUtils.initiateService(RestUtils.java:51)
	at test.TestClass.initiateService(TestClass.java:25)
	at java.base/jdk.internal.reflect.NativeMethodAccessorImpl.invoke0(Native Method)
	at java.base/jdk.internal.reflect.NativeMethodAccessorImpl.invoke(NativeMethodAccessorImpl.java:77)
	at java.base/jdk.internal.reflect.DelegatingMethodAccessorImpl.invoke(DelegatingMethodAccessorImpl.java:43)
	at java.base/java.lang.reflect.Method.invoke(Method.java:568)
	at org.testng.internal.invokers.MethodInvocationHelper.invokeMethod(MethodInvocationHelper.java:141)
	at org.testng.internal.invokers.MethodInvocationHelper.invokeMethodConsideringTimeout(MethodInvocationHelper.java:71)
	at org.testng.internal.invokers.ConfigInvoker.invokeConfigurationMethod(ConfigInvoker.java:400)
	at org.testng.internal.invokers.ConfigInvoker.invokeConfigurations(ConfigInvoker.java:333)
	at org.testng.TestRunner.invokeTestConfigurations(TestRunner.java:655)
	at org.testng.TestRunner.beforeRun(TestRunner.java:644)
	at org.testng.TestRunner.run(TestRunner.java:610)
	at org.testng.SuiteRunner.runTest(SuiteRunner.java:421)
	at org.testng.SuiteRunner.runSequentially(SuiteRunner.java:413)
	at org.testng.SuiteRunner.privateRun(SuiteRunner.java:373)
	at org.testng.SuiteRunner.run(SuiteRunner.java:312)
	at org.testng.SuiteRunnerWorker.runSuite(SuiteRunnerWorker.java:52)
	at org.testng.SuiteRunnerWorker.run(SuiteRunnerWorker.java:95)
	at org.testng.TestNG.runSuitesSequentially(TestNG.java:1274)
	at org.testng.TestNG.runSuitesLocally(TestNG.java:1208)
	at org.testng.TestNG.runSuites(TestNG.java:1112)
	at org.testng.TestNG.run(TestNG.java:1079)
	at org.apache.maven.surefire.testng.TestNGExecutor.run(TestNGExecutor.java:284)
	at org.apache.maven.surefire.testng.TestNGXmlTestSuite.execute(TestNGXmlTestSuite.java:75)
	at org.apache.maven.surefire.testng.TestNGProvider.invoke(TestNGProvider.java:119)
	at org.apache.maven.surefire.booter.ForkedBooter.runSuitesInProcess(ForkedBooter.java:428)
	at org.apache.maven.surefire.booter.ForkedBooter.execute(ForkedBooter.java:162)
	at org.apache.maven.surefire.booter.ForkedBooter.run(ForkedBooter.java:562)
	at org.apache.maven.surefire.booter.ForkedBooter.main(ForkedBooter.java:548)
2024-10-22 23:12:38 INFO  [main] d.r.a.c.u.RestUtils:84 - Request body : {"name":"91AC5DAF","data":{"year":2019,"price":1849.99,"CPU model":"Intel Core i9","Hard disk size":"1 TB"}}
2024-10-22 23:12:38 ERROR [main] d.r.a.c.u.RestUtils:102 - unable to execute api call with method type :POST
java.lang.IllegalArgumentException: baseURI cannot be null
	at java.base/jdk.internal.reflect.NativeConstructorAccessorImpl.newInstance0(Native Method)
	at java.base/jdk.internal.reflect.NativeConstructorAccessorImpl.newInstance(NativeConstructorAccessorImpl.java:77)
	at java.base/jdk.internal.reflect.DelegatingConstructorAccessorImpl.newInstance(DelegatingConstructorAccessorImpl.java:45)
	at java.base/java.lang.reflect.Constructor.newInstanceWithCaller(Constructor.java:499)
	at java.base/java.lang.reflect.Constructor.newInstance(Constructor.java:480)
	at org.codehaus.groovy.reflection.CachedConstructor.invoke(CachedConstructor.java:73)
	at org.codehaus.groovy.reflection.CachedConstructor.doConstructorInvoke(CachedConstructor.java:60)
	at org.codehaus.groovy.runtime.callsite.ConstructorSite$ConstructorSiteNoUnwrap.callConstructor(ConstructorSite.java:86)
	at org.codehaus.groovy.runtime.callsite.CallSiteArray.defaultCallConstructor(CallSiteArray.java:57)
	at org.codehaus.groovy.runtime.callsite.AbstractCallSite.callConstructor(AbstractCallSite.java:263)
	at org.codehaus.groovy.runtime.callsite.AbstractCallSite.callConstructor(AbstractCallSite.java:277)
	at io.restassured.internal.common.assertion.AssertParameter.notNull(AssertParameter.groovy:26)
	at io.restassured.internal.common.assertion.AssertParameter$notNull.callStatic(Unknown Source)
	at org.codehaus.groovy.runtime.callsite.CallSiteArray.defaultCallStatic(CallSiteArray.java:53)
	at org.codehaus.groovy.runtime.callsite.AbstractCallSite.callStatic(AbstractCallSite.java:217)
	at org.codehaus.groovy.runtime.callsite.AbstractCallSite.callStatic(AbstractCallSite.java:240)
	at io.restassured.internal.RequestSpecificationImpl.<init>(RequestSpecificationImpl.groovy:134)
	at io.restassured.RestAssured.createTestSpecification(RestAssured.java:1453)
	at io.restassured.RestAssured.given(RestAssured.java:654)
	at dev.restfil.api.common.utils.RestUtils.executeAPI(RestUtils.java:86)
	at test.TestClass.test_createObject(TestClass.java:29)
	at java.base/jdk.internal.reflect.NativeMethodAccessorImpl.invoke0(Native Method)
	at java.base/jdk.internal.reflect.NativeMethodAccessorImpl.invoke(NativeMethodAccessorImpl.java:77)
	at java.base/jdk.internal.reflect.DelegatingMethodAccessorImpl.invoke(DelegatingMethodAccessorImpl.java:43)
	at java.base/java.lang.reflect.Method.invoke(Method.java:568)
	at org.testng.internal.invokers.MethodInvocationHelper.invokeMethod(MethodInvocationHelper.java:141)
	at org.testng.internal.invokers.TestInvoker.invokeMethod(TestInvoker.java:686)
	at org.testng.internal.invokers.TestInvoker.invokeTestMethod(TestInvoker.java:230)
	at org.testng.internal.invokers.MethodRunner.runInSequence(MethodRunner.java:63)
	at org.testng.internal.invokers.TestInvoker$MethodInvocationAgent.invoke(TestInvoker.java:992)
	at org.testng.internal.invokers.TestInvoker.invokeTestMethods(TestInvoker.java:203)
	at org.testng.internal.invokers.TestMethodWorker.invokeTestMethods(TestMethodWorker.java:154)
	at org.testng.internal.invokers.TestMethodWorker.run(TestMethodWorker.java:134)
	at java.base/java.util.ArrayList.forEach(ArrayList.java:1511)
	at org.testng.TestRunner.privateRun(TestRunner.java:739)
	at org.testng.TestRunner.run(TestRunner.java:614)
	at org.testng.SuiteRunner.runTest(SuiteRunner.java:421)
	at org.testng.SuiteRunner.runSequentially(SuiteRunner.java:413)
	at org.testng.SuiteRunner.privateRun(SuiteRunner.java:373)
	at org.testng.SuiteRunner.run(SuiteRunner.java:312)
	at org.testng.SuiteRunnerWorker.runSuite(SuiteRunnerWorker.java:52)
	at org.testng.SuiteRunnerWorker.run(SuiteRunnerWorker.java:95)
	at org.testng.TestNG.runSuitesSequentially(TestNG.java:1274)
	at org.testng.TestNG.runSuitesLocally(TestNG.java:1208)
	at org.testng.TestNG.runSuites(TestNG.java:1112)
	at org.testng.TestNG.run(TestNG.java:1079)
	at org.apache.maven.surefire.testng.TestNGExecutor.run(TestNGExecutor.java:284)
	at org.apache.maven.surefire.testng.TestNGXmlTestSuite.execute(TestNGXmlTestSuite.java:75)
	at org.apache.maven.surefire.testng.TestNGProvider.invoke(TestNGProvider.java:119)
	at org.apache.maven.surefire.booter.ForkedBooter.runSuitesInProcess(ForkedBooter.java:428)
	at org.apache.maven.surefire.booter.ForkedBooter.execute(ForkedBooter.java:162)
	at org.apache.maven.surefire.booter.ForkedBooter.run(ForkedBooter.java:562)
	at org.apache.maven.surefire.booter.ForkedBooter.main(ForkedBooter.java:548)
2024-10-22 23:12:38 ERROR [main] d.r.a.c.u.RestUtils:218 - unable to assign response to class ::: java.lang.Class
2024-10-22 23:16:05 INFO  [main] d.r.a.c.u.RestUtils:55 - BASEURL -> https://api.restful-api.dev/
2024-10-22 23:16:05 INFO  [main] d.r.a.c.u.RestUtils:56 - ENDPOINT -> objects
2024-10-22 23:16:05 INFO  [main] d.r.a.c.u.RestUtils:83 - Request body : {"name":"D33ABB1E","data":{"year":2019,"price":1849.99,"CPU model":"Intel Core i9","Hard disk size":"1 TB"}}
2024-10-22 23:16:06 INFO  [main] d.r.a.c.u.RestUtils:86 - [POST] : https://api.restful-api.dev/objects status code : 200
2024-10-22 23:16:06 INFO  [main] t.TestClass:31 - test response ::: 
2024-10-22 23:16:06 INFO  [main] d.r.a.c.u.RestUtils:203 - actual response code is {200} and expected response code is {200}
2024-10-22 23:18:56 INFO  [main] d.r.a.c.u.RestUtils:55 - BASEURL -> https://api.restful-api.dev/
2024-10-22 23:18:56 INFO  [main] d.r.a.c.u.RestUtils:56 - ENDPOINT -> objects
2024-10-22 23:18:56 INFO  [main] d.r.a.c.u.RestUtils:83 - Request body : {"name":"71285E5F","data":{"year":2019,"price":1849.99,"CPU model":"Intel Core i9","Hard disk size":"1 TB"}}
2024-10-22 23:18:57 INFO  [main] d.r.a.c.u.RestUtils:86 - [POST] : https://api.restful-api.dev/objects status code : 200
2024-10-22 23:18:57 INFO  [main] t.TestClass:31 - test response ::: 
2024-10-22 23:18:57 INFO  [main] d.r.a.c.u.RestUtils:203 - actual response code is {200} and expected response code is {200}
2024-10-22 23:19:28 INFO  [main] d.r.a.c.u.RestUtils:55 - BASEURL -> https://api.restful-api.dev/
2024-10-22 23:19:28 INFO  [main] d.r.a.c.u.RestUtils:56 - ENDPOINT -> objects
2024-10-22 23:19:29 INFO  [main] d.r.a.c.u.RestUtils:83 - Request body : {"name":"14BCCB53","data":{"year":2019,"price":1849.99,"CPU model":"Intel Core i9","Hard disk size":"1 TB"}}
2024-10-22 23:19:30 INFO  [main] d.r.a.c.u.RestUtils:86 - [POST] : https://api.restful-api.dev/objects status code : 200
2024-10-22 23:19:30 INFO  [main] t.TestClass:32 - test response ::: 
2024-10-22 23:19:30 INFO  [main] d.r.a.c.u.RestUtils:203 - actual response code is {200} and expected response code is {200}
2024-10-22 23:21:53 INFO  [main] d.r.a.c.u.RestUtils:55 - BASEURL -> https://api.restful-api.dev/
2024-10-22 23:21:53 INFO  [main] d.r.a.c.u.RestUtils:56 - ENDPOINT -> objects
2024-10-22 23:21:53 INFO  [main] d.r.a.c.u.RestUtils:83 - Request body : {"name":"6CF54DE7","data":{"year":2019,"price":1849.99,"CPU model":"Intel Core i9","Hard disk size":"1 TB"}}
2024-10-22 23:21:54 INFO  [main] d.r.a.c.u.RestUtils:86 - [POST] : https://api.restful-api.dev/objects status code : 200
2024-10-22 23:21:54 INFO  [main] t.TestClass:31 - test response ::: 
2024-10-22 23:21:54 INFO  [main] t.TestClass:32 - test response ::: 
2024-10-22 23:21:54 INFO  [main] d.r.a.c.u.RestUtils:203 - actual response code is {200} and expected response code is {200}
